{"E:\\Repositorios\\TypeScript\\auth-mern\\server\\src\\config\\config.ts": {"path":"E:\\Repositorios\\TypeScript\\auth-mern\\server\\src\\config\\config.ts","statementMap":{"0":{"start":{"line":1,"column":0},"end":{"line":1,"column":28}},"1":{"start":{"line":3,"column":0},"end":{"line":3,"column":16}},"2":{"start":{"line":5,"column":15},"end":{"line":12,"column":null}},"3":{"start":{"line":14,"column":0},"end":{"line":14,"column":22}}},"fnMap":{},"branchMap":{"0":{"loc":{"start":{"line":6,"column":8},"end":{"line":6,"column":32}},"type":"binary-expr","locations":[{"start":{"line":6,"column":8},"end":{"line":6,"column":24}},{"start":{"line":6,"column":28},"end":{"line":6,"column":32}}]},"1":{"loc":{"start":{"line":7,"column":12},"end":{"line":7,"column":75}},"type":"binary-expr","locations":[{"start":{"line":7,"column":12},"end":{"line":7,"column":35}},{"start":{"line":7,"column":39},"end":{"line":7,"column":75}}]},"2":{"loc":{"start":{"line":8,"column":13},"end":{"line":8,"column":43}},"type":"binary-expr","locations":[{"start":{"line":8,"column":13},"end":{"line":8,"column":31}},{"start":{"line":8,"column":35},"end":{"line":8,"column":43}}]},"3":{"loc":{"start":{"line":9,"column":14},"end":{"line":9,"column":58}},"type":"binary-expr","locations":[{"start":{"line":9,"column":14},"end":{"line":9,"column":37}},{"start":{"line":9,"column":41},"end":{"line":9,"column":58}}]},"4":{"loc":{"start":{"line":10,"column":17},"end":{"line":10,"column":54}},"type":"binary-expr","locations":[{"start":{"line":10,"column":17},"end":{"line":10,"column":43}},{"start":{"line":10,"column":47},"end":{"line":10,"column":54}}]},"5":{"loc":{"start":{"line":11,"column":17},"end":{"line":11,"column":55}},"type":"binary-expr","locations":[{"start":{"line":11,"column":17},"end":{"line":11,"column":43}},{"start":{"line":11,"column":48},"end":{"line":11,"column":55}}]}},"s":{"0":1,"1":1,"2":1,"3":1},"f":{},"b":{"0":[1,0],"1":[1,0],"2":[1,0],"3":[1,0],"4":[1,0],"5":[1,0]}}
,"E:\\Repositorios\\TypeScript\\auth-mern\\server\\src\\controllers\\auth\\auth.controller.ts": {"path":"E:\\Repositorios\\TypeScript\\auth-mern\\server\\src\\controllers\\auth\\auth.controller.ts","statementMap":{"0":{"start":{"line":3,"column":0},"end":{"line":3,"column":53}},"1":{"start":{"line":4,"column":0},"end":{"line":4,"column":57}},"2":{"start":{"line":8,"column":22},"end":{"line":8,"column":46}},"3":{"start":{"line":10,"column":18},"end":{"line":27,"column":3}},"4":{"start":{"line":11,"column":19},"end":{"line":11,"column":40}},"5":{"start":{"line":12,"column":4},"end":{"line":12,"column":77}},"6":{"start":{"line":12,"column":27},"end":{"line":12,"column":77}},"7":{"start":{"line":14,"column":4},"end":{"line":26,"column":5}},"8":{"start":{"line":15,"column":19},"end":{"line":15,"column":65}},"9":{"start":{"line":16,"column":6},"end":{"line":19,"column":9}},"10":{"start":{"line":21,"column":6},"end":{"line":25,"column":7}},"11":{"start":{"line":22,"column":8},"end":{"line":22,"column":84}},"12":{"start":{"line":24,"column":8},"end":{"line":24,"column":81}},"13":{"start":{"line":29,"column":18},"end":{"line":43,"column":3}},"14":{"start":{"line":30,"column":19},"end":{"line":30,"column":40}},"15":{"start":{"line":31,"column":4},"end":{"line":31,"column":77}},"16":{"start":{"line":31,"column":27},"end":{"line":31,"column":77}},"17":{"start":{"line":33,"column":4},"end":{"line":42,"column":5}},"18":{"start":{"line":34,"column":19},"end":{"line":34,"column":65}},"19":{"start":{"line":35,"column":6},"end":{"line":35,"column":37}},"20":{"start":{"line":37,"column":6},"end":{"line":41,"column":7}},"21":{"start":{"line":38,"column":8},"end":{"line":38,"column":70}},"22":{"start":{"line":40,"column":8},"end":{"line":40,"column":67}},"23":{"start":{"line":45,"column":24},"end":{"line":59,"column":3}},"24":{"start":{"line":46,"column":19},"end":{"line":46,"column":40}},"25":{"start":{"line":47,"column":4},"end":{"line":47,"column":77}},"26":{"start":{"line":47,"column":27},"end":{"line":47,"column":77}},"27":{"start":{"line":49,"column":4},"end":{"line":58,"column":5}},"28":{"start":{"line":50,"column":19},"end":{"line":50,"column":71}},"29":{"start":{"line":51,"column":6},"end":{"line":51,"column":37}},"30":{"start":{"line":53,"column":6},"end":{"line":57,"column":7}},"31":{"start":{"line":54,"column":8},"end":{"line":54,"column":70}},"32":{"start":{"line":56,"column":8},"end":{"line":56,"column":67}},"33":{"start":{"line":6,"column":0},"end":{"line":6,"column":13}}},"fnMap":{"0":{"name":"(anonymous_0)","decl":{"start":{"line":8,"column":2},"end":{"line":8,"column":22}},"loc":{"start":{"line":8,"column":46},"end":{"line":8,"column":50}}},"1":{"name":"(anonymous_1)","decl":{"start":{"line":10,"column":18},"end":{"line":10,"column":23}},"loc":{"start":{"line":10,"column":56},"end":{"line":27,"column":3}}},"2":{"name":"(anonymous_2)","decl":{"start":{"line":29,"column":18},"end":{"line":29,"column":23}},"loc":{"start":{"line":29,"column":56},"end":{"line":43,"column":3}}},"3":{"name":"(anonymous_3)","decl":{"start":{"line":45,"column":24},"end":{"line":45,"column":29}},"loc":{"start":{"line":45,"column":62},"end":{"line":59,"column":3}}}},"branchMap":{"0":{"loc":{"start":{"line":12,"column":4},"end":{"line":12,"column":77}},"type":"if","locations":[{"start":{"line":12,"column":4},"end":{"line":12,"column":77}}]},"1":{"loc":{"start":{"line":21,"column":6},"end":{"line":25,"column":7}},"type":"if","locations":[{"start":{"line":21,"column":6},"end":{"line":25,"column":7}},{"start":{"line":23,"column":13},"end":{"line":25,"column":7}}]},"2":{"loc":{"start":{"line":31,"column":4},"end":{"line":31,"column":77}},"type":"if","locations":[{"start":{"line":31,"column":4},"end":{"line":31,"column":77}}]},"3":{"loc":{"start":{"line":37,"column":6},"end":{"line":41,"column":7}},"type":"if","locations":[{"start":{"line":37,"column":6},"end":{"line":41,"column":7}},{"start":{"line":39,"column":13},"end":{"line":41,"column":7}}]},"4":{"loc":{"start":{"line":47,"column":4},"end":{"line":47,"column":77}},"type":"if","locations":[{"start":{"line":47,"column":4},"end":{"line":47,"column":77}}]},"5":{"loc":{"start":{"line":53,"column":6},"end":{"line":57,"column":7}},"type":"if","locations":[{"start":{"line":53,"column":6},"end":{"line":57,"column":7}},{"start":{"line":55,"column":13},"end":{"line":57,"column":7}}]}},"s":{"0":1,"1":1,"2":3,"3":3,"4":1,"5":1,"6":0,"7":1,"8":1,"9":1,"10":0,"11":0,"12":0,"13":3,"14":1,"15":1,"16":0,"17":1,"18":1,"19":1,"20":0,"21":0,"22":0,"23":3,"24":1,"25":1,"26":0,"27":1,"28":1,"29":1,"30":0,"31":0,"32":0,"33":1},"f":{"0":3,"1":1,"2":1,"3":1},"b":{"0":[0],"1":[0,0],"2":[0],"3":[0,0],"4":[0],"5":[0,0]}}
,"E:\\Repositorios\\TypeScript\\auth-mern\\server\\src\\helpers\\custom-error.ts": {"path":"E:\\Repositorios\\TypeScript\\auth-mern\\server\\src\\helpers\\custom-error.ts","statementMap":{"0":{"start":{"line":5,"column":4},"end":{"line":5,"column":19}},"1":{"start":{"line":6,"column":4},"end":{"line":6,"column":33}},"2":{"start":{"line":1,"column":0},"end":{"line":1,"column":13}}},"fnMap":{"0":{"name":"(anonymous_0)","decl":{"start":{"line":4,"column":2},"end":{"line":4,"column":14}},"loc":{"start":{"line":4,"column":49},"end":{"line":7,"column":3}}}},"branchMap":{},"s":{"0":0,"1":0,"2":1},"f":{"0":0},"b":{}}
,"E:\\Repositorios\\TypeScript\\auth-mern\\server\\src\\models\\user.model.ts": {"path":"E:\\Repositorios\\TypeScript\\auth-mern\\server\\src\\models\\user.model.ts","statementMap":{"0":{"start":{"line":1,"column":0},"end":{"line":1,"column":51}},"1":{"start":{"line":12,"column":27},"end":{"line":49,"column":2}},"2":{"start":{"line":51,"column":13},"end":{"line":51,"column":53}}},"fnMap":{},"branchMap":{},"s":{"0":1,"1":1,"2":1},"f":{},"b":{}}
,"E:\\Repositorios\\TypeScript\\auth-mern\\server\\src\\services\\auth.service.ts": {"path":"E:\\Repositorios\\TypeScript\\auth-mern\\server\\src\\services\\auth.service.ts","statementMap":{"0":{"start":{"line":1,"column":0},"end":{"line":1,"column":38}},"1":{"start":{"line":2,"column":0},"end":{"line":2,"column":44}},"2":{"start":{"line":4,"column":0},"end":{"line":4,"column":104}},"3":{"start":{"line":9,"column":22},"end":{"line":9,"column":46}},"4":{"start":{"line":11,"column":18},"end":{"line":29,"column":3}},"5":{"start":{"line":12,"column":71},"end":{"line":12,"column":79}},"6":{"start":{"line":13,"column":25},"end":{"line":13,"column":79}},"7":{"start":{"line":14,"column":4},"end":{"line":14,"column":97}},"8":{"start":{"line":14,"column":22},"end":{"line":14,"column":97}},"9":{"start":{"line":16,"column":27},"end":{"line":16,"column":77}},"10":{"start":{"line":17,"column":4},"end":{"line":17,"column":67}},"11":{"start":{"line":17,"column":25},"end":{"line":17,"column":67}},"12":{"start":{"line":19,"column":20},"end":{"line":19,"column":89}},"13":{"start":{"line":20,"column":4},"end":{"line":26,"column":5}},"14":{"start":{"line":21,"column":25},"end":{"line":21,"column":71}},"15":{"start":{"line":22,"column":6},"end":{"line":22,"column":57}},"16":{"start":{"line":22,"column":47},"end":{"line":22,"column":55}},"17":{"start":{"line":24,"column":26},"end":{"line":24,"column":66}},"18":{"start":{"line":25,"column":6},"end":{"line":25,"column":40}},"19":{"start":{"line":27,"column":17},"end":{"line":27,"column":37}},"20":{"start":{"line":28,"column":4},"end":{"line":28,"column":16}},"21":{"start":{"line":31,"column":18},"end":{"line":41,"column":3}},"22":{"start":{"line":32,"column":32},"end":{"line":32,"column":38}},"23":{"start":{"line":33,"column":25},"end":{"line":33,"column":54}},"24":{"start":{"line":34,"column":4},"end":{"line":34,"column":86}},"25":{"start":{"line":34,"column":23},"end":{"line":34,"column":86}},"26":{"start":{"line":36,"column":20},"end":{"line":36,"column":74}},"27":{"start":{"line":37,"column":4},"end":{"line":37,"column":59}},"28":{"start":{"line":37,"column":18},"end":{"line":37,"column":59}},"29":{"start":{"line":39,"column":18},"end":{"line":39,"column":106}},"30":{"start":{"line":40,"column":4},"end":{"line":40,"column":48}},"31":{"start":{"line":43,"column":24},"end":{"line":52,"column":3}},"32":{"start":{"line":44,"column":25},"end":{"line":44,"column":68}},"33":{"start":{"line":45,"column":4},"end":{"line":45,"column":64}},"34":{"start":{"line":45,"column":23},"end":{"line":45,"column":64}},"35":{"start":{"line":47,"column":17},"end":{"line":47,"column":57}},"36":{"start":{"line":48,"column":4},"end":{"line":48,"column":49}},"37":{"start":{"line":48,"column":15},"end":{"line":48,"column":49}},"38":{"start":{"line":50,"column":24},"end":{"line":50,"column":82}},"39":{"start":{"line":51,"column":4},"end":{"line":51,"column":40}},"40":{"start":{"line":7,"column":0},"end":{"line":7,"column":13}}},"fnMap":{"0":{"name":"(anonymous_1)","decl":{"start":{"line":9,"column":2},"end":{"line":9,"column":22}},"loc":{"start":{"line":9,"column":46},"end":{"line":9,"column":51}}},"1":{"name":"(anonymous_2)","decl":{"start":{"line":11,"column":18},"end":{"line":11,"column":23}},"loc":{"start":{"line":11,"column":49},"end":{"line":29,"column":3}}},"2":{"name":"(anonymous_3)","decl":{"start":{"line":22,"column":37},"end":{"line":22,"column":38}},"loc":{"start":{"line":22,"column":47},"end":{"line":22,"column":55}}},"3":{"name":"(anonymous_4)","decl":{"start":{"line":31,"column":18},"end":{"line":31,"column":23}},"loc":{"start":{"line":31,"column":47},"end":{"line":41,"column":3}}},"4":{"name":"(anonymous_5)","decl":{"start":{"line":43,"column":24},"end":{"line":43,"column":29}},"loc":{"start":{"line":43,"column":55},"end":{"line":52,"column":3}}}},"branchMap":{"0":{"loc":{"start":{"line":12,"column":56},"end":{"line":12,"column":66}},"type":"default-arg","locations":[{"start":{"line":12,"column":64},"end":{"line":12,"column":66}}]},"1":{"loc":{"start":{"line":14,"column":4},"end":{"line":14,"column":97}},"type":"if","locations":[{"start":{"line":14,"column":4},"end":{"line":14,"column":97}}]},"2":{"loc":{"start":{"line":17,"column":4},"end":{"line":17,"column":67}},"type":"if","locations":[{"start":{"line":17,"column":4},"end":{"line":17,"column":67}}]},"3":{"loc":{"start":{"line":20,"column":4},"end":{"line":26,"column":5}},"type":"if","locations":[{"start":{"line":20,"column":4},"end":{"line":26,"column":5}},{"start":{"line":23,"column":11},"end":{"line":26,"column":5}}]},"4":{"loc":{"start":{"line":34,"column":4},"end":{"line":34,"column":86}},"type":"if","locations":[{"start":{"line":34,"column":4},"end":{"line":34,"column":86}}]},"5":{"loc":{"start":{"line":37,"column":4},"end":{"line":37,"column":59}},"type":"if","locations":[{"start":{"line":37,"column":4},"end":{"line":37,"column":59}}]},"6":{"loc":{"start":{"line":45,"column":4},"end":{"line":45,"column":64}},"type":"if","locations":[{"start":{"line":45,"column":4},"end":{"line":45,"column":64}}]},"7":{"loc":{"start":{"line":48,"column":4},"end":{"line":48,"column":49}},"type":"if","locations":[{"start":{"line":48,"column":4},"end":{"line":48,"column":49}}]}},"s":{"0":1,"1":1,"2":1,"3":3,"4":3,"5":0,"6":0,"7":0,"8":0,"9":0,"10":0,"11":0,"12":0,"13":0,"14":0,"15":0,"16":0,"17":0,"18":0,"19":0,"20":0,"21":3,"22":0,"23":0,"24":0,"25":0,"26":0,"27":0,"28":0,"29":0,"30":0,"31":3,"32":0,"33":0,"34":0,"35":0,"36":0,"37":0,"38":0,"39":0,"40":1},"f":{"0":3,"1":0,"2":0,"3":0,"4":0},"b":{"0":[0],"1":[0],"2":[0],"3":[0,0],"4":[0],"5":[0],"6":[0],"7":[0]}}
,"E:\\Repositorios\\TypeScript\\auth-mern\\server\\src\\utils\\index.ts": {"path":"E:\\Repositorios\\TypeScript\\auth-mern\\server\\src\\utils\\index.ts","statementMap":{"0":{"start":{"line":1,"column":0},"end":{"line":1,"column":28}},"1":{"start":{"line":2,"column":0},"end":{"line":2,"column":33}}},"fnMap":{},"branchMap":{},"s":{"0":1,"1":1},"f":{},"b":{}}
,"E:\\Repositorios\\TypeScript\\auth-mern\\server\\src\\utils\\jwt.utils.ts": {"path":"E:\\Repositorios\\TypeScript\\auth-mern\\server\\src\\utils\\jwt.utils.ts","statementMap":{"0":{"start":{"line":1,"column":0},"end":{"line":1,"column":47}},"1":{"start":{"line":2,"column":0},"end":{"line":2,"column":38}},"2":{"start":{"line":5,"column":29},"end":{"line":8,"column":1}},"3":{"start":{"line":6,"column":16},"end":{"line":6,"column":89}},"4":{"start":{"line":7,"column":2},"end":{"line":7,"column":15}},"5":{"start":{"line":5,"column":13},"end":{"line":5,"column":29}},"6":{"start":{"line":10,"column":27},"end":{"line":17,"column":1}},"7":{"start":{"line":11,"column":2},"end":{"line":16,"column":3}},"8":{"start":{"line":12,"column":20},"end":{"line":12,"column":59}},"9":{"start":{"line":13,"column":4},"end":{"line":13,"column":19}},"10":{"start":{"line":15,"column":4},"end":{"line":15,"column":16}},"11":{"start":{"line":10,"column":13},"end":{"line":10,"column":27}}},"fnMap":{"0":{"name":"(anonymous_1)","decl":{"start":{"line":5,"column":29},"end":{"line":5,"column":34}},"loc":{"start":{"line":5,"column":100},"end":{"line":8,"column":1}}},"1":{"name":"(anonymous_2)","decl":{"start":{"line":10,"column":27},"end":{"line":10,"column":28}},"loc":{"start":{"line":10,"column":80},"end":{"line":17,"column":1}}}},"branchMap":{},"s":{"0":1,"1":1,"2":1,"3":0,"4":0,"5":1,"6":1,"7":0,"8":0,"9":0,"10":0,"11":1},"f":{"0":0,"1":0},"b":{}}
,"E:\\Repositorios\\TypeScript\\auth-mern\\server\\src\\utils\\password.utils.ts": {"path":"E:\\Repositorios\\TypeScript\\auth-mern\\server\\src\\utils\\password.utils.ts","statementMap":{"0":{"start":{"line":1,"column":0},"end":{"line":1,"column":30}},"1":{"start":{"line":3,"column":28},"end":{"line":6,"column":1}},"2":{"start":{"line":4,"column":15},"end":{"line":4,"column":39}},"3":{"start":{"line":5,"column":2},"end":{"line":5,"column":43}},"4":{"start":{"line":3,"column":13},"end":{"line":3,"column":28}},"5":{"start":{"line":8,"column":31},"end":{"line":10,"column":1}},"6":{"start":{"line":9,"column":2},"end":{"line":9,"column":56}},"7":{"start":{"line":8,"column":13},"end":{"line":8,"column":31}},"8":{"start":{"line":12,"column":33},"end":{"line":14,"column":1}},"9":{"start":{"line":13,"column":2},"end":{"line":13,"column":38}},"10":{"start":{"line":12,"column":13},"end":{"line":12,"column":33}}},"fnMap":{"0":{"name":"(anonymous_1)","decl":{"start":{"line":3,"column":28},"end":{"line":3,"column":33}},"loc":{"start":{"line":3,"column":55},"end":{"line":6,"column":1}}},"1":{"name":"(anonymous_2)","decl":{"start":{"line":8,"column":31},"end":{"line":8,"column":36}},"loc":{"start":{"line":8,"column":82},"end":{"line":10,"column":1}}},"2":{"name":"(anonymous_3)","decl":{"start":{"line":12,"column":33},"end":{"line":12,"column":38}},"loc":{"start":{"line":12,"column":85},"end":{"line":14,"column":1}}}},"branchMap":{},"s":{"0":1,"1":1,"2":0,"3":0,"4":1,"5":1,"6":0,"7":1,"8":1,"9":0,"10":1},"f":{"0":0,"1":0,"2":0},"b":{}}
}
