TN:
SF:src\config\config.ts
FNF:0
FNH:0
DA:1,1
DA:3,1
DA:5,1
DA:14,1
LF:4
LH:4
BRDA:6,0,0,1
BRDA:6,0,1,0
BRDA:7,1,0,1
BRDA:7,1,1,0
BRDA:8,2,0,1
BRDA:8,2,1,0
BRDA:9,3,0,1
BRDA:9,3,1,0
BRDA:10,4,0,1
BRDA:10,4,1,0
BRDA:11,5,0,1
BRDA:11,5,1,0
BRF:12
BRH:6
end_of_record
TN:
SF:src\controllers\auth\auth.controller.ts
FN:8,(anonymous_0)
FN:10,(anonymous_1)
FN:29,(anonymous_2)
FN:45,(anonymous_3)
FNF:4
FNH:4
FNDA:3,(anonymous_0)
FNDA:1,(anonymous_1)
FNDA:1,(anonymous_2)
FNDA:1,(anonymous_3)
DA:3,1
DA:4,1
DA:6,1
DA:8,3
DA:10,3
DA:11,1
DA:12,1
DA:14,1
DA:15,1
DA:16,1
DA:21,0
DA:22,0
DA:24,0
DA:29,3
DA:30,1
DA:31,1
DA:33,1
DA:34,1
DA:35,1
DA:37,0
DA:38,0
DA:40,0
DA:45,3
DA:46,1
DA:47,1
DA:49,1
DA:50,1
DA:51,1
DA:53,0
DA:54,0
DA:56,0
LF:31
LH:22
BRDA:12,0,0,0
BRDA:21,1,0,0
BRDA:21,1,1,0
BRDA:31,2,0,0
BRDA:37,3,0,0
BRDA:37,3,1,0
BRDA:47,4,0,0
BRDA:53,5,0,0
BRDA:53,5,1,0
BRF:9
BRH:0
end_of_record
TN:
SF:src\helpers\custom-error.ts
FN:4,(anonymous_0)
FNF:1
FNH:0
FNDA:0,(anonymous_0)
DA:1,1
DA:5,0
DA:6,0
LF:3
LH:1
BRF:0
BRH:0
end_of_record
TN:
SF:src\models\user.model.ts
FNF:0
FNH:0
DA:1,1
DA:12,1
DA:51,1
LF:3
LH:3
BRF:0
BRH:0
end_of_record
TN:
SF:src\services\auth.service.ts
FN:9,(anonymous_1)
FN:11,(anonymous_2)
FN:22,(anonymous_3)
FN:31,(anonymous_4)
FN:43,(anonymous_5)
FNF:5
FNH:1
FNDA:3,(anonymous_1)
FNDA:0,(anonymous_2)
FNDA:0,(anonymous_3)
FNDA:0,(anonymous_4)
FNDA:0,(anonymous_5)
DA:1,1
DA:2,1
DA:4,1
DA:7,1
DA:9,3
DA:11,3
DA:12,0
DA:13,0
DA:14,0
DA:16,0
DA:17,0
DA:19,0
DA:20,0
DA:21,0
DA:22,0
DA:24,0
DA:25,0
DA:27,0
DA:28,0
DA:31,3
DA:32,0
DA:33,0
DA:34,0
DA:36,0
DA:37,0
DA:39,0
DA:40,0
DA:43,3
DA:44,0
DA:45,0
DA:47,0
DA:48,0
DA:50,0
DA:51,0
LF:34
LH:8
BRDA:12,0,0,0
BRDA:14,1,0,0
BRDA:17,2,0,0
BRDA:20,3,0,0
BRDA:20,3,1,0
BRDA:34,4,0,0
BRDA:37,5,0,0
BRDA:45,6,0,0
BRDA:48,7,0,0
BRF:9
BRH:0
end_of_record
TN:
SF:src\utils\index.ts
FNF:0
FNH:0
DA:1,1
DA:2,1
LF:2
LH:2
BRF:0
BRH:0
end_of_record
TN:
SF:src\utils\jwt.utils.ts
FN:5,(anonymous_1)
FN:10,(anonymous_2)
FNF:2
FNH:0
FNDA:0,(anonymous_1)
FNDA:0,(anonymous_2)
DA:1,1
DA:2,1
DA:5,1
DA:6,0
DA:7,0
DA:10,1
DA:11,0
DA:12,0
DA:13,0
DA:15,0
LF:10
LH:4
BRF:0
BRH:0
end_of_record
TN:
SF:src\utils\password.utils.ts
FN:3,(anonymous_1)
FN:8,(anonymous_2)
FN:12,(anonymous_3)
FNF:3
FNH:0
FNDA:0,(anonymous_1)
FNDA:0,(anonymous_2)
FNDA:0,(anonymous_3)
DA:1,1
DA:3,1
DA:4,0
DA:5,0
DA:8,1
DA:9,0
DA:12,1
DA:13,0
LF:8
LH:4
BRF:0
BRH:0
end_of_record
